{
  "Cucumber Features": {
    "coverage": {
      "/mnt/c/Rails/Invoicing-system/config/environment.rb": [
        null,
        1,
        null,
        null,
        1
      ],
      "/mnt/c/Rails/Invoicing-system/config/application.rb": [
        1,
        null,
        1,
        null,
        null,
        null,
        1,
        null,
        1,
        1,
        null,
        1,
        null,
        null,
        null,
        null,
        null,
        null
      ],
      "/mnt/c/Rails/Invoicing-system/config/boot.rb": [
        1,
        null,
        1
      ],
      "/mnt/c/Rails/Invoicing-system/config/environments/test.rb": [
        1,
        null,
        null,
        null,
        null,
        null,
        null,
        1,
        null,
        null,
        null,
        null,
        1,
        null,
        null,
        1,
        1,
        null,
        null,
        null,
        null,
        1,
        1,
        null,
        null,
        1,
        null,
        null,
        1,
        1,
        null,
        null,
        null,
        null,
        1,
        null,
        null,
        1,
        null,
        null,
        null,
        null
      ],
      "/mnt/c/Rails/Invoicing-system/config/initializers/application_controller_renderer.rb": [
        null,
        null,
        null,
        null,
        null,
        null,
        null,
        null
      ],
      "/mnt/c/Rails/Invoicing-system/config/initializers/assets.rb": [
        null,
        null,
        null,
        1,
        null,
        null,
        null,
        null,
        1,
        null,
        null,
        null,
        null,
        null
      ],
      "/mnt/c/Rails/Invoicing-system/config/initializers/backtrace_silencers.rb": [
        null,
        null,
        null,
        null,
        null,
        null,
        null
      ],
      "/mnt/c/Rails/Invoicing-system/config/initializers/cookies_serializer.rb": [
        null,
        null,
        null,
        null,
        1
      ],
      "/mnt/c/Rails/Invoicing-system/config/initializers/filter_parameter_logging.rb": [
        null,
        null,
        null,
        1
      ],
      "/mnt/c/Rails/Invoicing-system/config/initializers/inflections.rb": [
        null,
        null,
        null,
        null,
        null,
        null,
        null,
        null,
        null,
        null,
        null,
        null,
        null,
        null,
        null,
        null
      ],
      "/mnt/c/Rails/Invoicing-system/config/initializers/mime_types.rb": [
        null,
        null,
        null,
        null
      ],
      "/mnt/c/Rails/Invoicing-system/config/initializers/wrap_parameters.rb": [
        null,
        null,
        null,
        null,
        null,
        null,
        1,
        2,
        null,
        null,
        null,
        null,
        null,
        null
      ],
      "/mnt/c/Rails/Invoicing-system/spec/factories/clients.rb": [
        1,
        1,
        1,
        1,
        6,
        1,
        1,
        1,
        1,
        1,
        1,
        1,
        1,
        null,
        null,
        1,
        1,
        1,
        1,
        1,
        1,
        1,
        1,
        1,
        1,
        1,
        1,
        null,
        null,
        null
      ],
      "/mnt/c/Rails/Invoicing-system/app/models/client.rb": [
        1,
        1,
        1,
        1,
        8,
        8,
        1,
        1,
        1,
        1,
        null,
        1,
        1,
        1,
        1,
        1,
        1,
        1,
        1,
        null,
        1,
        7,
        null,
        null,
        1,
        7,
        null,
        null
      ],
      "/mnt/c/Rails/Invoicing-system/app/models/application_record.rb": [
        1,
        1,
        null
      ],
      "/mnt/c/Rails/Invoicing-system/spec/factories/events.rb": [
        1,
        1,
        1,
        1,
        1,
        1,
        1,
        1,
        null,
        null
      ],
      "/mnt/c/Rails/Invoicing-system/spec/factories/invoices.rb": [
        1,
        1,
        1,
        1,
        1,
        1,
        null,
        null
      ],
      "/mnt/c/Rails/Invoicing-system/spec/factories/services.rb": [
        1,
        1,
        1,
        1,
        1,
        1,
        null,
        null
      ],
      "/mnt/c/Rails/Invoicing-system/spec/factories/users.rb": [
        1,
        1,
        1,
        1,
        2,
        1,
        1,
        1,
        1,
        1,
        1,
        1,
        1,
        null,
        null,
        1,
        1,
        1,
        12,
        1,
        1,
        1,
        1,
        1,
        1,
        1,
        1,
        null,
        null
      ],
      "/mnt/c/Rails/Invoicing-system/app/models/user.rb": [
        1,
        1,
        1,
        null,
        15,
        15,
        1,
        1,
        1,
        1,
        null,
        null,
        1,
        1,
        1,
        1,
        1,
        1,
        1,
        1,
        null,
        null,
        1,
        2,
        null,
        2,
        null,
        null,
        1,
        35,
        null,
        null,
        1,
        35,
        null,
        null
      ],
      "/mnt/c/Rails/Invoicing-system/config/routes.rb": [
        1,
        1,
        1,
        1,
        1,
        1,
        1,
        1,
        1,
        1,
        1,
        1,
        1,
        null,
        null,
        null,
        null,
        null
      ],
      "/mnt/c/Rails/Invoicing-system/features/step_definitions/common_steps.rb": [
        1,
        11,
        null,
        null,
        1,
        12,
        null,
        null,
        1,
        10,
        10,
        null,
        null,
        1,
        24,
        null,
        null,
        1,
        13,
        null,
        null,
        1,
        6,
        null
      ],
      "/mnt/c/Rails/Invoicing-system/features/step_definitions/delete_invoice_steps.rb": [
        1,
        1,
        1,
        null,
        null,
        1,
        1,
        null
      ],
      "/mnt/c/Rails/Invoicing-system/features/step_definitions/delete_user_steps.rb": [
        1,
        1,
        null,
        null,
        1,
        1,
        1,
        null,
        null,
        1,
        1,
        null
      ],
      "/mnt/c/Rails/Invoicing-system/features/step_definitions/edit_client_steps.rb": [
        1,
        5,
        null,
        null,
        1,
        2,
        null,
        null,
        1,
        1,
        null,
        null,
        1,
        2,
        null,
        null,
        1,
        1,
        null
      ],
      "/mnt/c/Rails/Invoicing-system/features/step_definitions/edit_profile_steps.rb": [
        1,
        2,
        null,
        null,
        1,
        1,
        null,
        null,
        1,
        1,
        null,
        null,
        1,
        3,
        null
      ],
      "/mnt/c/Rails/Invoicing-system/features/step_definitions/new_client_steps.rb": [
        1,
        2,
        null,
        1,
        2,
        null,
        1,
        1,
        1,
        1,
        1,
        1,
        1,
        1,
        1,
        1,
        1,
        null,
        null,
        1,
        2,
        null,
        null,
        1,
        1,
        null,
        null,
        1,
        1,
        null
      ],
      "/mnt/c/Rails/Invoicing-system/features/step_definitions/new_invoice_steps.rb": [
        1,
        1,
        null,
        null,
        1,
        2,
        null,
        null,
        1,
        1,
        null,
        null,
        null,
        1,
        1,
        null
      ],
      "/mnt/c/Rails/Invoicing-system/features/step_definitions/new_user_registration_steps.rb": [
        1,
        2,
        null,
        null,
        1,
        1,
        1,
        1,
        1,
        1,
        1,
        1,
        1,
        1,
        1,
        1,
        null,
        null,
        1,
        1,
        1,
        1,
        1,
        1,
        1,
        1,
        1,
        1,
        1,
        1,
        null,
        null,
        1,
        1,
        null,
        null,
        1,
        1,
        1,
        null,
        1,
        null,
        null,
        1,
        1,
        null
      ],
      "/mnt/c/Rails/Invoicing-system/features/step_definitions/new_user_session_steps.rb": [
        1,
        1,
        null
      ],
      "/mnt/c/Rails/Invoicing-system/app/controllers/sessions_controller.rb": [
        1,
        1,
        null,
        null,
        1,
        12,
        12,
        11,
        11,
        null,
        null,
        1,
        1,
        null,
        null,
        null,
        1,
        1,
        1,
        null,
        null
      ],
      "/mnt/c/Rails/Invoicing-system/app/controllers/application_controller.rb": [
        1,
        1,
        1,
        null,
        null,
        null,
        1,
        42,
        1,
        1,
        1,
        null,
        null,
        null
      ],
      "/mnt/c/Rails/Invoicing-system/app/helpers/application_helper.rb": [
        1,
        1,
        8,
        null,
        null
      ],
      "/mnt/c/Rails/Invoicing-system/app/helpers/clients_helper.rb": [
        1,
        null
      ],
      "/mnt/c/Rails/Invoicing-system/app/helpers/events_helper.rb": [
        1,
        null
      ],
      "/mnt/c/Rails/Invoicing-system/app/helpers/invoices_helper.rb": [
        1,
        null
      ],
      "/mnt/c/Rails/Invoicing-system/app/helpers/sessions_helper.rb": [
        1,
        null,
        1,
        12,
        null,
        null,
        null,
        1,
        377,
        null,
        null,
        null,
        1,
        146,
        null,
        null,
        null,
        1,
        1,
        1,
        null,
        null,
        null,
        1,
        5,
        null,
        null,
        null,
        1,
        11,
        11,
        null,
        null,
        null,
        1,
        1,
        null,
        null,
        1,
        139,
        117,
        null,
        null
      ],
      "/mnt/c/Rails/Invoicing-system/app/helpers/users_helper.rb": [
        1,
        null,
        null
      ],
      "/mnt/c/Rails/Invoicing-system/app/controllers/users_controller.rb": [
        1,
        1,
        1,
        1,
        null,
        1,
        1,
        null,
        null,
        1,
        14,
        null,
        null,
        1,
        2,
        null,
        null,
        1,
        2,
        2,
        1,
        1,
        1,
        null,
        1,
        null,
        null,
        null,
        1,
        2,
        null,
        null,
        1,
        2,
        2,
        1,
        1,
        null,
        1,
        null,
        null,
        null,
        1,
        1,
        1,
        1,
        null,
        null,
        1,
        null,
        1,
        4,
        null,
        null,
        null,
        null,
        null,
        null,
        null,
        null,
        null,
        1,
        4,
        4,
        null,
        null,
        null,
        1,
        2,
        null,
        null
      ],
      "/mnt/c/Rails/Invoicing-system/app/controllers/clients_controller.rb": [
        1,
        1,
        1,
        null,
        null,
        null,
        1,
        3,
        null,
        null,
        null,
        null,
        1,
        null,
        null,
        null,
        1,
        2,
        null,
        null,
        null,
        1,
        null,
        null,
        null,
        null,
        1,
        2,
        null,
        2,
        2,
        1,
        2,
        1,
        null,
        2,
        1,
        null,
        null,
        null,
        null,
        null,
        null,
        1,
        2,
        2,
        1,
        2,
        1,
        null,
        2,
        1,
        null,
        null,
        null,
        null,
        null,
        null,
        1,
        1,
        1,
        1,
        2,
        1,
        null,
        null,
        null,
        1,
        1,
        1,
        1,
        null,
        1,
        null,
        1,
        1,
        1,
        null,
        1,
        1,
        null,
        null,
        1,
        1,
        null,
        1,
        1,
        1,
        null,
        null,
        null,
        1,
        null,
        1,
        9,
        null,
        null,
        null,
        1,
        4,
        null,
        null,
        null,
        null,
        null,
        null,
        null,
        null
      ],
      "/mnt/c/Rails/Invoicing-system/app/models/event.rb": [
        1,
        1,
        1,
        null,
        1,
        2,
        0,
        null,
        null,
        null
      ],
      "/mnt/c/Rails/Invoicing-system/app/models/invoice.rb": [
        1,
        1,
        1,
        1,
        null
      ],
      "/mnt/c/Rails/Invoicing-system/app/models/service.rb": [
        1,
        1,
        null
      ],
      "/mnt/c/Rails/Invoicing-system/app/controllers/invoices_controller.rb": [
        1,
        1,
        1,
        null,
        null,
        null,
        1,
        1,
        null,
        null,
        null,
        null,
        1,
        3,
        3,
        3,
        3,
        1,
        1,
        null,
        null,
        null,
        null,
        null,
        null,
        null,
        null,
        null,
        1,
        1,
        1,
        1,
        2,
        1,
        null,
        null,
        null,
        1,
        null,
        1,
        4,
        null,
        null
      ],
      "/mnt/c/Rails/Invoicing-system/app/pdfs/invoice_pdf.rb": [
        1,
        1,
        1,
        1,
        1,
        1,
        1,
        1,
        1,
        1,
        null,
        null,
        1,
        1,
        null,
        null,
        1,
        1,
        1,
        1,
        1,
        1,
        1,
        null,
        null,
        null,
        1,
        null,
        null,
        1,
        1,
        null,
        null,
        1,
        1,
        1,
        null,
        null,
        1,
        null,
        1,
        2,
        null,
        null
      ]
    },
    "timestamp": 1513702997
  },
  "RSpec": {
    "coverage": {
      "/mnt/c/Rails/Invoicing-system/spec/controllers/events_controller_spec.rb": [
        1,
        null,
        1,
        null,
        10,
        10,
        null,
        1,
        9,
        null,
        null,
        1,
        null,
        null,
        null,
        null,
        null,
        null,
        7,
        null,
        null,
        1,
        null,
        null,
        null,
        null,
        null,
        2,
        null,
        null,
        1,
        1,
        1,
        1,
        1,
        null,
        null,
        null,
        1,
        1,
        1,
        1,
        1,
        null,
        null,
        null,
        1,
        1,
        1,
        1,
        null,
        null,
        null,
        1,
        1,
        1,
        1,
        1,
        null,
        null,
        null,
        1,
        1,
        1,
        1,
        1,
        null,
        null,
        null,
        null,
        1,
        1,
        1,
        1,
        null,
        null,
        null,
        null,
        1,
        1,
        1,
        null,
        null,
        1,
        null,
        null,
        1,
        1,
        1,
        1,
        1,
        null,
        null,
        null,
        1,
        1,
        1,
        1,
        1,
        null,
        null,
        null,
        null,
        1,
        1,
        1,
        1,
        1,
        null,
        null,
        null,
        null,
        null
      ],
      "/mnt/c/Rails/Invoicing-system/spec/rails_helper.rb": [
        null,
        1,
        1,
        1,
        null,
        1,
        1,
        null,
        null,
        null,
        null,
        null,
        null,
        null,
        null,
        null,
        null,
        null,
        null,
        null,
        null,
        null,
        null,
        null,
        null,
        null,
        1,
        null,
        1,
        1,
        null,
        null,
        null,
        null,
        null,
        null,
        null,
        null,
        null,
        null,
        null,
        null,
        null,
        null,
        1,
        null,
        null,
        1,
        null,
        null,
        null,
        null,
        1,
        9,
        null,
        null
      ],
      "/mnt/c/Rails/Invoicing-system/config/environment.rb": [
        null,
        1,
        null,
        null,
        1
      ],
      "/mnt/c/Rails/Invoicing-system/config/application.rb": [
        1,
        null,
        1,
        null,
        null,
        null,
        1,
        null,
        1,
        1,
        null,
        1,
        null,
        null,
        null,
        null,
        null,
        null
      ],
      "/mnt/c/Rails/Invoicing-system/config/boot.rb": [
        1,
        null,
        1
      ],
      "/mnt/c/Rails/Invoicing-system/config/environments/test.rb": [
        1,
        null,
        null,
        null,
        null,
        null,
        null,
        1,
        null,
        null,
        null,
        null,
        1,
        null,
        null,
        1,
        1,
        null,
        null,
        null,
        null,
        1,
        1,
        null,
        null,
        1,
        null,
        null,
        1,
        1,
        null,
        null,
        null,
        null,
        1,
        null,
        null,
        1,
        null,
        null,
        null,
        null
      ],
      "/mnt/c/Rails/Invoicing-system/config/initializers/application_controller_renderer.rb": [
        null,
        null,
        null,
        null,
        null,
        null,
        null,
        null
      ],
      "/mnt/c/Rails/Invoicing-system/config/initializers/assets.rb": [
        null,
        null,
        null,
        1,
        null,
        null,
        null,
        null,
        1,
        null,
        null,
        null,
        null,
        null
      ],
      "/mnt/c/Rails/Invoicing-system/config/initializers/backtrace_silencers.rb": [
        null,
        null,
        null,
        null,
        null,
        null,
        null
      ],
      "/mnt/c/Rails/Invoicing-system/config/initializers/cookies_serializer.rb": [
        null,
        null,
        null,
        null,
        1
      ],
      "/mnt/c/Rails/Invoicing-system/config/initializers/filter_parameter_logging.rb": [
        null,
        null,
        null,
        1
      ],
      "/mnt/c/Rails/Invoicing-system/config/initializers/inflections.rb": [
        null,
        null,
        null,
        null,
        null,
        null,
        null,
        null,
        null,
        null,
        null,
        null,
        null,
        null,
        null,
        null
      ],
      "/mnt/c/Rails/Invoicing-system/config/initializers/mime_types.rb": [
        null,
        null,
        null,
        null
      ],
      "/mnt/c/Rails/Invoicing-system/config/initializers/wrap_parameters.rb": [
        null,
        null,
        null,
        null,
        null,
        null,
        1,
        2,
        null,
        null,
        null,
        null,
        null,
        null
      ],
      "/mnt/c/Rails/Invoicing-system/spec/factories/clients.rb": [
        1,
        1,
        1,
        1,
        11,
        1,
        1,
        1,
        1,
        1,
        1,
        1,
        1,
        null,
        null,
        1,
        1,
        1,
        1,
        1,
        1,
        1,
        1,
        1,
        1,
        1,
        1,
        null,
        null,
        null
      ],
      "/mnt/c/Rails/Invoicing-system/app/models/client.rb": [
        1,
        1,
        1,
        1,
        11,
        11,
        1,
        1,
        1,
        1,
        null,
        1,
        1,
        1,
        1,
        1,
        1,
        1,
        1,
        null,
        1,
        0,
        null,
        null,
        1,
        0,
        null,
        null
      ],
      "/mnt/c/Rails/Invoicing-system/app/models/application_record.rb": [
        1,
        1,
        null
      ],
      "/mnt/c/Rails/Invoicing-system/spec/factories/events.rb": [
        1,
        1,
        1,
        1,
        1,
        1,
        1,
        1,
        null,
        null
      ],
      "/mnt/c/Rails/Invoicing-system/spec/factories/invoices.rb": [
        1,
        1,
        1,
        1,
        1,
        1,
        null,
        null
      ],
      "/mnt/c/Rails/Invoicing-system/spec/factories/services.rb": [
        1,
        1,
        1,
        1,
        1,
        1,
        null,
        null
      ],
      "/mnt/c/Rails/Invoicing-system/spec/factories/users.rb": [
        1,
        1,
        1,
        1,
        1,
        1,
        1,
        1,
        1,
        1,
        1,
        1,
        1,
        null,
        null,
        1,
        1,
        1,
        21,
        1,
        1,
        1,
        1,
        1,
        1,
        1,
        1,
        null,
        null
      ],
      "/mnt/c/Rails/Invoicing-system/app/models/user.rb": [
        1,
        1,
        1,
        null,
        21,
        21,
        1,
        1,
        1,
        1,
        null,
        null,
        1,
        1,
        1,
        1,
        1,
        1,
        1,
        1,
        null,
        null,
        1,
        2,
        null,
        2,
        null,
        null,
        1,
        1,
        null,
        null,
        1,
        1,
        null,
        null
      ],
      "/mnt/c/Rails/Invoicing-system/config/routes.rb": [
        1,
        1,
        1,
        1,
        1,
        1,
        1,
        1,
        1,
        1,
        1,
        1,
        1,
        null,
        null,
        null,
        null,
        null
      ],
      "/mnt/c/Rails/Invoicing-system/app/helpers/application_helper.rb": [
        1,
        1,
        0,
        null,
        null
      ],
      "/mnt/c/Rails/Invoicing-system/app/helpers/clients_helper.rb": [
        1,
        null
      ],
      "/mnt/c/Rails/Invoicing-system/app/helpers/events_helper.rb": [
        1,
        null
      ],
      "/mnt/c/Rails/Invoicing-system/app/helpers/invoices_helper.rb": [
        1,
        null
      ],
      "/mnt/c/Rails/Invoicing-system/app/helpers/sessions_helper.rb": [
        1,
        null,
        1,
        1,
        null,
        null,
        null,
        1,
        18,
        null,
        null,
        null,
        1,
        12,
        null,
        null,
        null,
        1,
        0,
        0,
        null,
        null,
        null,
        1,
        0,
        null,
        null,
        null,
        1,
        1,
        1,
        null,
        null,
        null,
        1,
        0,
        null,
        null,
        1,
        4,
        4,
        null,
        null
      ],
      "/mnt/c/Rails/Invoicing-system/app/helpers/users_helper.rb": [
        1,
        null,
        null
      ],
      "/mnt/c/Rails/Invoicing-system/app/controllers/events_controller.rb": [
        1,
        1,
        1,
        1,
        null,
        null,
        null,
        1,
        2,
        null,
        null,
        null,
        null,
        1,
        null,
        null,
        null,
        1,
        1,
        null,
        null,
        null,
        1,
        null,
        null,
        null,
        null,
        1,
        2,
        null,
        2,
        2,
        2,
        null,
        2,
        null,
        null,
        null,
        null,
        null,
        null,
        1,
        2,
        2,
        2,
        null,
        2,
        null,
        null,
        null,
        null,
        null,
        null,
        1,
        1,
        1,
        1,
        2,
        1,
        null,
        null,
        null,
        1,
        null,
        1,
        10,
        null,
        null,
        1,
        5,
        null,
        null,
        null,
        1,
        4,
        null,
        null
      ],
      "/mnt/c/Rails/Invoicing-system/app/controllers/application_controller.rb": [
        1,
        1,
        1,
        null,
        null,
        null,
        1,
        10,
        0,
        0,
        0,
        null,
        null,
        null
      ],
      "/mnt/c/Rails/Invoicing-system/spec/requests/events_spec.rb": [
        1,
        null,
        1,
        2,
        2,
        null,
        1,
        1,
        null,
        null,
        null,
        1,
        1,
        1,
        1,
        null,
        null,
        null
      ],
      "/mnt/c/Rails/Invoicing-system/spec/routing/clients_routing_spec.rb": [
        1,
        null,
        1,
        1,
        null,
        1,
        1,
        null,
        null,
        1,
        1,
        null,
        null,
        1,
        1,
        null,
        null,
        1,
        1,
        null,
        null,
        1,
        1,
        null,
        null,
        1,
        1,
        null,
        null,
        1,
        1,
        null,
        null,
        1,
        1,
        null,
        null,
        null,
        null
      ],
      "/mnt/c/Rails/Invoicing-system/app/controllers/clients_controller.rb": [
        1,
        1,
        1,
        null,
        null,
        null,
        1,
        0,
        null,
        null,
        null,
        null,
        1,
        null,
        null,
        null,
        1,
        0,
        null,
        null,
        null,
        1,
        null,
        null,
        null,
        null,
        1,
        0,
        null,
        0,
        0,
        0,
        0,
        0,
        null,
        0,
        0,
        null,
        null,
        null,
        null,
        null,
        null,
        1,
        0,
        0,
        0,
        0,
        0,
        null,
        0,
        0,
        null,
        null,
        null,
        null,
        null,
        null,
        1,
        0,
        0,
        0,
        0,
        0,
        null,
        null,
        null,
        1,
        0,
        0,
        0,
        null,
        0,
        null,
        0,
        0,
        0,
        null,
        0,
        0,
        null,
        null,
        0,
        0,
        null,
        0,
        0,
        0,
        null,
        null,
        null,
        1,
        null,
        1,
        0,
        null,
        null,
        null,
        1,
        0,
        null,
        null,
        null,
        null,
        null,
        null,
        null,
        null
      ],
      "/mnt/c/Rails/Invoicing-system/spec/routing/events_routing_spec.rb": [
        1,
        null,
        1,
        1,
        null,
        1,
        1,
        null,
        null,
        1,
        1,
        null,
        null,
        1,
        1,
        null,
        null,
        1,
        1,
        null,
        null,
        1,
        1,
        null,
        null,
        1,
        1,
        null,
        null,
        1,
        1,
        null,
        null,
        1,
        1,
        null,
        null,
        null,
        null
      ],
      "/mnt/c/Rails/Invoicing-system/spec/routing/invoices_routing_spec.rb": [
        1,
        null,
        1,
        1,
        null,
        1,
        1,
        null,
        null,
        1,
        1,
        null,
        null,
        1,
        1,
        null,
        null,
        1,
        1,
        null,
        null,
        1,
        1,
        null,
        null,
        1,
        1,
        null,
        null,
        1,
        1,
        null,
        null,
        1,
        1,
        null,
        null,
        null,
        null
      ],
      "/mnt/c/Rails/Invoicing-system/app/controllers/invoices_controller.rb": [
        1,
        1,
        1,
        null,
        null,
        null,
        1,
        0,
        null,
        null,
        null,
        null,
        1,
        0,
        0,
        0,
        0,
        0,
        0,
        null,
        null,
        null,
        null,
        null,
        null,
        null,
        null,
        null,
        1,
        0,
        0,
        0,
        0,
        0,
        null,
        null,
        null,
        1,
        null,
        1,
        0,
        null,
        null
      ],
      "/mnt/c/Rails/Invoicing-system/app/models/event.rb": [
        1,
        1,
        1,
        null,
        1,
        10,
        2,
        null,
        null,
        null
      ],
      "/mnt/c/Rails/Invoicing-system/app/controllers/sessions_controller.rb": [
        1,
        1,
        null,
        null,
        1,
        1,
        1,
        1,
        1,
        null,
        null,
        0,
        0,
        null,
        null,
        null,
        1,
        0,
        0,
        null,
        null
      ]
    },
    "timestamp": 1513703184
  }
}
